<?xml version="1.0" encoding="UTF-8"?>
<testng-results skipped="0" failed="0" ignored="0" total="1" passed="1">
  <reporter-output>
  </reporter-output>
  <suite name="Default suite" duration-ms="22500" started-at="2020-04-16T14:27:34 CDT" finished-at="2020-04-16T14:27:56 CDT">
    <groups>
    </groups>
    <test name="Default test" duration-ms="22500" started-at="2020-04-16T14:27:34 CDT" finished-at="2020-04-16T14:27:56 CDT">
      <class name="mypackage.SmokeTest">
        <test-method status="PASS" signature="loginTest()[pri:0, instance:mypackage.SmokeTest@4f970963]" name="loginTest" duration-ms="22438" started-at="2020-04-16T14:27:34 CDT" finished-at="2020-04-16T14:27:56 CDT">
          <reporter-output>
          </reporter-output>
        </test-method> <!-- loginTest -->
      </class> <!-- mypackage.SmokeTest -->
    </test> <!-- Default test -->
  </suite> <!-- Default suite -->
</testng-results>
